Fete: 
1. Anghel Eugenia
2. Babci Victoria
3. Baciu Aurelia
4. Bezdenejnih Andreca
5. Boscaneanu Amelia
6. Botnari Valeria
7. Bubaniuc Alina
8. Ciobanu Ştefania
9. Corcia Loredana
10. Glavaciuc Alexandrina
11. Godoroja Andreea
12. Gozian Svetlana
13. Juncu Evelina
14. Machedon Alexandrina
15. Manole Bianca
16. Picalau Camelina
17. Procopciuc Romina
18. Schilniuc Arina
19. Soroccan Daniela

Băieți: 
1. Botoroga Denis
2. Braşoveanu Dorin
3. Burdianov Adrian
4. Calugher Nichita
5. Cebotari Hristos-Rafael
6. Cebotari Tonesa
7. Cojocaru Larisa
8. Cojocaru Semion
9. Corovichi Victor
10. Gatman Vitalic
11. Jardan Corneliu
12. Luca Marin
13. Mudrea Eduard
14. Rotaru Vladislav
15. Stăvilă Nicoleta
16. Stratulat Radu
17. Vascan Daniil
18. Virtos Marian
